<?xml version="1.0" encoding="UTF-8"?>
<!-- Generated by org.testng.reporters.JUnitReportReporter -->
<testsuite hostname="DESKTOP-2E6E8HK" failures="0" tests="1" name="vijaykumar.newparticeproject.BrowerLunch" time="24.746" errors="0" timestamp="2020-12-03T17:55:59 IST" skipped="0">
  <testcase classname="vijaykumar.newparticeproject.BrowerLunch" name="launch" time="24.746"/>
  <system-out/>
</testsuite> <!-- vijaykumar.newparticeproject.BrowerLunch -->
